<?xml version="1.0" encoding="UTF-8"?>
<testng-results skipped="0" failed="0" ignored="0" total="4" passed="4">
  <reporter-output>
  </reporter-output>
  <suite name="Default suite" duration-ms="24824" started-at="2022-04-20T11:50:40Z" finished-at="2022-04-20T11:51:05Z">
    <groups>
    </groups>
    <test name="Default test" duration-ms="24824" started-at="2022-04-20T11:50:40Z" finished-at="2022-04-20T11:51:05Z">
      <class name="org.flipkart.main.Flipkart">
        <test-method status="PASS" signature="beforeClass()[pri:0, instance:org.flipkart.main.Flipkart@1e397ed7]" name="beforeClass" is-config="true" duration-ms="13195" started-at="2022-04-20T11:50:40Z" finished-at="2022-04-20T11:50:53Z">
          <reporter-output>
          </reporter-output>
        </test-method> <!-- beforeClass -->
        <test-method status="PASS" signature="beforeMethod()[pri:0, instance:org.flipkart.main.Flipkart@1e397ed7]" name="beforeMethod" is-config="true" duration-ms="124" started-at="2022-04-20T11:50:53Z" finished-at="2022-04-20T11:50:53Z">
          <reporter-output>
          </reporter-output>
        </test-method> <!-- beforeMethod -->
        <test-method status="PASS" signature="Test1()[pri:0, instance:org.flipkart.main.Flipkart@1e397ed7]" name="Test1" duration-ms="8291" started-at="2022-04-20T11:50:53Z" finished-at="2022-04-20T11:51:02Z">
          <reporter-output>
          </reporter-output>
        </test-method> <!-- Test1 -->
        <test-method status="PASS" signature="Test2()[pri:0, instance:org.flipkart.main.Flipkart@1e397ed7]" name="Test2" duration-ms="2162" started-at="2022-04-20T11:51:02Z" finished-at="2022-04-20T11:51:04Z">
          <reporter-output>
          </reporter-output>
        </test-method> <!-- Test2 -->
        <test-method status="PASS" signature="afterMethod()[pri:0, instance:org.flipkart.main.Flipkart@1e397ed7]" name="afterMethod" is-config="true" duration-ms="0" started-at="2022-04-20T11:51:02Z" finished-at="2022-04-20T11:51:02Z">
          <reporter-output>
          </reporter-output>
        </test-method> <!-- afterMethod -->
        <test-method status="PASS" signature="beforeMethod()[pri:0, instance:org.flipkart.main.Flipkart@1e397ed7]" name="beforeMethod" is-config="true" duration-ms="0" started-at="2022-04-20T11:51:02Z" finished-at="2022-04-20T11:51:02Z">
          <reporter-output>
          </reporter-output>
        </test-method> <!-- beforeMethod -->
        <test-method status="PASS" signature="afterMethod()[pri:0, instance:org.flipkart.main.Flipkart@1e397ed7]" name="afterMethod" is-config="true" duration-ms="0" started-at="2022-04-20T11:51:04Z" finished-at="2022-04-20T11:51:04Z">
          <reporter-output>
          </reporter-output>
        </test-method> <!-- afterMethod -->
        <test-method status="PASS" signature="beforeMethod()[pri:0, instance:org.flipkart.main.Flipkart@1e397ed7]" name="beforeMethod" is-config="true" duration-ms="0" started-at="2022-04-20T11:51:04Z" finished-at="2022-04-20T11:51:04Z">
          <reporter-output>
          </reporter-output>
        </test-method> <!-- beforeMethod -->
        <test-method status="PASS" signature="Test3()[pri:0, instance:org.flipkart.main.Flipkart@1e397ed7]" name="Test3" duration-ms="516" started-at="2022-04-20T11:51:04Z" finished-at="2022-04-20T11:51:04Z">
          <reporter-output>
          </reporter-output>
        </test-method> <!-- Test3 -->
        <test-method status="PASS" signature="afterMethod()[pri:0, instance:org.flipkart.main.Flipkart@1e397ed7]" name="afterMethod" is-config="true" duration-ms="0" started-at="2022-04-20T11:51:04Z" finished-at="2022-04-20T11:51:04Z">
          <reporter-output>
          </reporter-output>
        </test-method> <!-- afterMethod -->
        <test-method status="PASS" signature="test4()[pri:0, instance:org.flipkart.main.Flipkart@1e397ed7]" name="test4" duration-ms="322" started-at="2022-04-20T11:51:04Z" finished-at="2022-04-20T11:51:05Z">
          <reporter-output>
          </reporter-output>
        </test-method> <!-- test4 -->
        <test-method status="PASS" signature="beforeMethod()[pri:0, instance:org.flipkart.main.Flipkart@1e397ed7]" name="beforeMethod" is-config="true" duration-ms="0" started-at="2022-04-20T11:51:04Z" finished-at="2022-04-20T11:51:04Z">
          <reporter-output>
          </reporter-output>
        </test-method> <!-- beforeMethod -->
        <test-method status="PASS" signature="afterClass()[pri:0, instance:org.flipkart.main.Flipkart@1e397ed7]" name="afterClass" is-config="true" duration-ms="0" started-at="2022-04-20T11:51:05Z" finished-at="2022-04-20T11:51:05Z">
          <reporter-output>
          </reporter-output>
        </test-method> <!-- afterClass -->
        <test-method status="PASS" signature="afterMethod()[pri:0, instance:org.flipkart.main.Flipkart@1e397ed7]" name="afterMethod" is-config="true" duration-ms="0" started-at="2022-04-20T11:51:05Z" finished-at="2022-04-20T11:51:05Z">
          <reporter-output>
          </reporter-output>
        </test-method> <!-- afterMethod -->
      </class> <!-- org.flipkart.main.Flipkart -->
    </test> <!-- Default test -->
  </suite> <!-- Default suite -->
</testng-results>
